  glad.c
  Camera.cpp
  ComputeShader.cpp
  Frustum.cpp
  GameTimer.cpp
  HeightMap.cpp
C:\Users\Sachin Chopra\Documents\University\4th Year\CSC8502\nclgl\HeightMap.cpp(6,19): warning C4244: '=': conversion from 'int' to 'float', possible loss of data
C:\Users\Sachin Chopra\Documents\University\4th Year\CSC8502\nclgl\HeightMap.cpp(24,59): warning C4244: 'argument': conversion from 'int' to 'const float', possible loss of data
C:\Users\Sachin Chopra\Documents\University\4th Year\CSC8502\nclgl\HeightMap.cpp(24,47): warning C4244: 'argument': conversion from 'int' to 'const float', possible loss of data
C:\Users\Sachin Chopra\Documents\University\4th Year\CSC8502\nclgl\HeightMap.cpp(24,31): warning C4244: 'argument': conversion from 'int' to 'const float', possible loss of data
C:\Users\Sachin Chopra\Documents\University\4th Year\CSC8502\nclgl\HeightMap.cpp(25,39): warning C4244: 'argument': conversion from 'int' to 'const float', possible loss of data
C:\Users\Sachin Chopra\Documents\University\4th Year\CSC8502\nclgl\HeightMap.cpp(25,36): warning C4244: 'argument': conversion from 'int' to 'const float', possible loss of data
  Keyboard.cpp
  Light.cpp
  Matrix2.cpp
  Matrix3.cpp
  Matrix4.cpp
  Mesh.cpp
C:\Users\Sachin Chopra\Documents\University\4th Year\CSC8502\nclgl\Mesh.cpp(537,17): warning C4552: '-': result of expression not used
  MeshAnimation.cpp
  MeshMaterial.cpp
  Mouse.cpp
  OGLRenderer.cpp
  Plane.cpp
  Quaternion.cpp
  SceneNode.cpp
  Shader.cpp
  Window.cpp
  Generating Code...
  nclgl.vcxproj -> C:\Users\Sachin Chopra\Documents\University\4th Year\CSC8502\x64\Debug\nclgl.lib
